<?xml version="1.0" encoding="utf-8"?><testsuites name="pytest tests"><testsuite name="pytest" errors="0" failures="2" skipped="1" tests="8" time="137.897" timestamp="2026-04-14T17:28:30.943386+09:00" hostname="neo"><testcase classname="tools.e2e.test_e1_actor_lifecycle" name="test_e1_actor_lifecycle" time="2.978" /><testcase classname="tools.e2e.test_e2_sensor_stream" name="test_e2_sensor_stream_roundtrip" time="15.474" /><testcase classname="tools.e2e.test_e4_weather" name="test_e4_weather_change" time="3.609"><failure message="assert False&#10; +  where False = &lt;built-in function isclose&gt;(10.0, 90.0, abs_tol=0.5)&#10; +    where &lt;built-in function isclose&gt; = math.isclose">tools/e2e/test_e4_weather.py:64: in test_e4_weather_change
    assert math.isclose(current[key], TARGET[key], abs_tol=0.5)
E   assert False
E    +  where False = &lt;built-in function isclose&gt;(10.0, 90.0, abs_tol=0.5)
E    +    where &lt;built-in function isclose&gt; = math.isclose</failure></testcase><testcase classname="tools.e2e.test_e6_slow_client" name="test_e6_slow_client_isolation" time="46.536" /><testcase classname="tools.e2e.test_e7_sensor_destroy" name="test_e7_sensor_destroy_midstream" time="20.101"><failure message="AssertionError: got 1 frames before destroy&#10;assert 1 &gt;= 3&#10; +  where 1 = len([DecodedCameraFrame(channel=1, sensor_id=177, width=320, height=240, frame=275, timestamp=133.81081145163625, jpeg=b'\xff\xd8\xff\xe2\x02\\ICC_PROFILE\x00\x01\x01\x00\x00\x02Llcms\x04@\x00\x00mntrRGB XYZ \x07\xea\x00\x04\x00\x0e\x00\x08\x00\x1a\x003acspAPPL\x00\x00\x00\x00\x00\x00\x00\x00\x00\x00\x00\x00\x00\x00\x00\x00\x00\x00\x00\x00\x00\x00\x00\x00\x00\x00\xf6\xd6\x00\x01\x00\x00\x00\x00\xd3-lcms\x00\x00\x00\x00\x00\x00\x00\x00\x00\x00\x00\x00\x00\x00\x00\x00\x00\x00\x00\x00\x00\x00\x00\x00\x00\x00\x00\x00\x00\x00\x00\x00\x00\x00\x00\x00\x00\x00\x00\x00\x00\x00\x00\x00\x00\x00\x00\x0bdesc\x00\x00\x01\x08\x00\x00\x006cprt\x00\x00\x01@\x00\x00\x00Lwtpt\x00\x00\x01\x8c\x00\x00\x00\x14chad\x00\x00\x01\xa0\x00\x00\x00,rXYZ\x00\x00\x01\xcc\x00\x00\x00\x14bXYZ\x00\x00\x01\xe0\x00\x00\x00\x14gXYZ\x00\x00\x01\xf4\x00\x00\x00\x14rTRC\x00\x00\x02\x08\x00\x00\x00 gTRC\x00\x00\x02\x08\x00\x00\x00 bTRC\x00\x00\x02\x08\x00\x00\x00 chrm\x00\x00\x02(\x00\x00\x00$mluc\x00\x00\x00\x00\x00\x00\x00\x01\x00\x00\x00\x0cenUS\x00\x00\x00\x1a\x00\x00\x00\x1c\x00s\x00R\x00G\x00B\x00 \x00b\x00u\x00i\x00l\x00t\x00-\x00i\x00n\x00\x00mluc\x00\x00\x00\x00\x00\x00\x00\x01\x00\x00\x00\x0cenUS\x00\x00\x000\x00\...R\xeaV\xd1\x1bE2I#a\x8ax#\xda\xa1\x96\x98d{Q\x91\xedHa\x9f\xa5\x19\x1e\xd4\x00dTnGcM\t\xb1\x94U\x90\x14P\x01E\x00(4\xb4\x00Q@\x05\x14\x00Q@\x05\'4\x00\x94P\x01E\x00\x14P\x01E\x00\x14P\x01E\x00J\xe4$a\x07~\xb5\x15(\x95.\xc1E2B\x8a\x00(\xa0\x02\x8a\x00(\xa0\x02\x8a\x00(\xa0\x02\x8a\x00)E\x00-\x14\x00Q@\x05\x14\x00QH\x06\xd1L\x02\x8a\x00(\xa0\x02\x8a\x00(\xa0\x02\xa4E\x01\x0b\x9f\xc2\x93*(a$\x9c\x9ei)\x92\x14P\x01E\x00\x14P\x01E\x00\x14P\x01E\x00\x14P\x01E\x00\x14P\x02\x8aZ@\x14S\x00\xa2\x80\n(\x01\xb4P\x01E\x00\x14P\x01E\x00\x14P\x03\x91w6)\xf30\xe1W\xa0\x15=JZ&quot;**\x89\n(\x00\xa2\x80\n(\x00\xa2\x80\n(\x00\xa2\x80\n(\x00\xa2\x80\n(\x00\xa5\x14\x00\xb4P\x80(\xa0\x02\x8a\x00m\x14\x00Q@\x05\x14\x00Q@\x05\x14\x012m\x8e2O,zqP\xd4\xae\xe5KE`\xa2\xa8\x90\xa2\x80\n(\x00\xa2\x80\n(\x00\xa2\x80\n(\x00\xa2\x80\n(\x00\xa2\x80\n(\x01E- \n)\x80Q@\r\xa2\x80\n(\x00\xa2\x80\n(\x00\xa2\x80\x14\x92z\x9c\xd2P\x01E\x00\x14P\x01E\x00\x14P\x01E\x00\x14P\x01E\x00\x14P\x01E\x00\x14P\x01E\x00\x14\xa0\xd0\x02\xd1H\x02\x8a\x00m\x14\xc0(\xa0\x02\x8a\x00(\xa0\x02\x8a\x00(\xa0\x02\x8a\x00(\xa0\x02\x8a\x00(\xa0\x02\x8a\x00(\xa0\x02\x8a\x00(\xa0\x02\x8a\x00(\xa0\x02\x8a\x00(\x14\x00\xa2\x96\x90\x05\x14\x01\xff\xd9')])">tools/e2e/test_e7_sensor_destroy.py:49: in test_e7_sensor_destroy_midstream
    assert len(frames) &gt;= 3, f"got {len(frames)} frames before destroy"
E   AssertionError: got 1 frames before destroy
E   assert 1 &gt;= 3
E    +  where 1 = len([DecodedCameraFrame(channel=1, sensor_id=177, width=320, height=240, frame=275, timestamp=133.81081145163625, jpeg=b'\xff\xd8\xff\xe2\x02\\ICC_PROFILE\x00\x01\x01\x00\x00\x02Llcms\x04@\x00\x00mntrRGB XYZ \x07\xea\x00\x04\x00\x0e\x00\x08\x00\x1a\x003acspAPPL\x00\x00\x00\x00\x00\x00\x00\x00\x00\x00\x00\x00\x00\x00\x00\x00\x00\x00\x00\x00\x00\x00\x00\x00\x00\x00\xf6\xd6\x00\x01\x00\x00\x00\x00\xd3-lcms\x00\x00\x00\x00\x00\x00\x00\x00\x00\x00\x00\x00\x00\x00\x00\x00\x00\x00\x00\x00\x00\x00\x00\x00\x00\x00\x00\x00\x00\x00\x00\x00\x00\x00\x00\x00\x00\x00\x00\x00\x00\x00\x00\x00\x00\x00\x00\x0bdesc\x00\x00\x01\x08\x00\x00\x006cprt\x00\x00\x01@\x00\x00\x00Lwtpt\x00\x00\x01\x8c\x00\x00\x00\x14chad\x00\x00\x01\xa0\x00\x00\x00,rXYZ\x00\x00\x01\xcc\x00\x00\x00\x14bXYZ\x00\x00\x01\xe0\x00\x00\x00\x14gXYZ\x00\x00\x01\xf4\x00\x00\x00\x14rTRC\x00\x00\x02\x08\x00\x00\x00 gTRC\x00\x00\x02\x08\x00\x00\x00 bTRC\x00\x00\x02\x08\x00\x00\x00 chrm\x00\x00\x02(\x00\x00\x00$mluc\x00\x00\x00\x00\x00\x00\x00\x01\x00\x00\x00\x0cenUS\x00\x00\x00\x1a\x00\x00\x00\x1c\x00s\x00R\x00G\x00B\x00 \x00b\x00u\x00i\x00l\x00t\x00-\x00i\x00n\x00\x00mluc\x00\x00\x00\x00\x00\x00\x00\x01\x00\x00\x00\x0cenUS\x00\x00\x000\x00\...R\xeaV\xd1\x1bE2I#a\x8ax#\xda\xa1\x96\x98d{Q\x91\xedHa\x9f\xa5\x19\x1e\xd4\x00dTnGcM\t\xb1\x94U\x90\x14P\x01E\x00(4\xb4\x00Q@\x05\x14\x00Q@\x05\'4\x00\x94P\x01E\x00\x14P\x01E\x00\x14P\x01E\x00J\xe4$a\x07~\xb5\x15(\x95.\xc1E2B\x8a\x00(\xa0\x02\x8a\x00(\xa0\x02\x8a\x00(\xa0\x02\x8a\x00)E\x00-\x14\x00Q@\x05\x14\x00QH\x06\xd1L\x02\x8a\x00(\xa0\x02\x8a\x00(\xa0\x02\xa4E\x01\x0b\x9f\xc2\x93*(a$\x9c\x9ei)\x92\x14P\x01E\x00\x14P\x01E\x00\x14P\x01E\x00\x14P\x01E\x00\x14P\x02\x8aZ@\x14S\x00\xa2\x80\n(\x01\xb4P\x01E\x00\x14P\x01E\x00\x14P\x03\x91w6)\xf30\xe1W\xa0\x15=JZ"**\x89\n(\x00\xa2\x80\n(\x00\xa2\x80\n(\x00\xa2\x80\n(\x00\xa2\x80\n(\x00\xa5\x14\x00\xb4P\x80(\xa0\x02\x8a\x00m\x14\x00Q@\x05\x14\x00Q@\x05\x14\x012m\x8e2O,zqP\xd4\xae\xe5KE`\xa2\xa8\x90\xa2\x80\n(\x00\xa2\x80\n(\x00\xa2\x80\n(\x00\xa2\x80\n(\x00\xa2\x80\n(\x01E- \n)\x80Q@\r\xa2\x80\n(\x00\xa2\x80\n(\x00\xa2\x80\x14\x92z\x9c\xd2P\x01E\x00\x14P\x01E\x00\x14P\x01E\x00\x14P\x01E\x00\x14P\x01E\x00\x14P\x01E\x00\x14\xa0\xd0\x02\xd1H\x02\x8a\x00m\x14\xc0(\xa0\x02\x8a\x00(\xa0\x02\x8a\x00(\xa0\x02\x8a\x00(\xa0\x02\x8a\x00(\xa0\x02\x8a\x00(\xa0\x02\x8a\x00(\xa0\x02\x8a\x00(\xa0\x02\x8a\x00(\x14\x00\xa2\x96\x90\x05\x14\x01\xff\xd9')])</failure></testcase><testcase classname="tools.e2e.test_e8_concurrent_subs" name="test_e8_concurrent_subscribers" time="16.331" /><testcase classname="tools.e2e.test_e5_recording" name="test_e5_recording_roundtrip" time="28.371" /><testcase classname="tools.e2e.test_e3_hot_reload" name="test_e3_hot_reload_adoption" time="4.277"><skipped type="pytest.xfail" message="quarantined hot-reload adoption instability: cycle 2 expected one bridge_ego, got 0 ([])" /></testcase></testsuite></testsuites>